<?xml version="1.0" encoding="UTF-8"?>
<!-- Generated by org.testng.reporters.JUnitReportReporter -->
<testsuite hostname="C02T91RMH03Q" name="validation.LandingPageTest" tests="2" failures="0" timestamp="19 Aug 2020 18:55:15 GMT" time="17.502" errors="0">
  <testcase name="GoToMenu" time="8.318" classname="validation.LandingPageTest"/>
  <testcase name="SubmitProfile" time="9.184" classname="validation.LandingPageTest"/>
</testsuite> <!-- validation.LandingPageTest -->
